<?xml version="1.0" encoding="UTF-8"?>
<testng-results ignored="0" total="1" passed="1" failed="0" skipped="0">
  <reporter-output>
  </reporter-output>
  <suite started-at="2022-11-11T15:54:24 IST" name="Default suite" finished-at="2022-11-11T15:54:32 IST" duration-ms="7988">
    <groups>
    </groups>
    <test started-at="2022-11-11T15:54:24 IST" name="Default test" finished-at="2022-11-11T15:54:32 IST" duration-ms="7988">
      <class name="extentReportScreenshot.FailedCaseScreenShot">
        <test-method signature="passscreenshot()[pri:0, instance:extentReportScreenshot.FailedCaseScreenShot@35aea049]" started-at="2022-11-11T15:54:24 IST" name="passscreenshot" finished-at="2022-11-11T15:54:32 IST" duration-ms="7945" status="PASS">
          <reporter-output>
          </reporter-output>
        </test-method> <!-- passscreenshot -->
      </class> <!-- extentReportScreenshot.FailedCaseScreenShot -->
    </test> <!-- Default test -->
  </suite> <!-- Default suite -->
</testng-results>
